<?xml version="1.0" encoding="UTF-8"?>
<coverage generated="1535930909">
  <project timestamp="1535930909">
    <package name="Win\Alert">
      <file name="/home/wanderson/www/wanderson/winphp/www/app/model/Win/Alert/Alert.php">
        <class name="Alert" namespace="Win\Alert">
          <metrics complexity="10" methods="7" coveredmethods="7" conditionals="0" coveredconditionals="0" statements="13" coveredstatements="13" elements="20" coveredelements="20"/>
        </class>
        <line num="25" type="method" name="__construct" visibility="public" complexity="1" crap="1" count="21"/>
        <line num="26" type="stmt" count="21"/>
        <line num="27" type="stmt" count="21"/>
        <line num="28" type="stmt" count="21"/>
        <line num="29" type="stmt" count="21"/>
        <line num="30" type="stmt" count="21"/>
        <line num="33" type="method" name="__toString" visibility="public" complexity="1" crap="1" count="5"/>
        <line num="34" type="stmt" count="5"/>
        <line num="38" type="method" name="load" visibility="public" complexity="1" crap="1" count="3"/>
        <line num="39" type="stmt" count="3"/>
        <line num="43" type="method" name="getBlock" visibility="protected" complexity="1" crap="1" count="7"/>
        <line num="44" type="stmt" count="7"/>
        <line num="55" type="method" name="create" visibility="public" complexity="2" crap="2" count="2"/>
        <line num="56" type="stmt" count="2"/>
        <line num="57" type="stmt" count="1"/>
        <line num="59" type="stmt" count="1"/>
        <line num="67" type="method" name="isGroup" visibility="public" complexity="2" crap="2" count="9"/>
        <line num="68" type="stmt" count="9"/>
        <line num="75" type="method" name="isType" visibility="public" complexity="2" crap="2" count="9"/>
        <line num="76" type="stmt" count="9"/>
        <metrics loc="79" ncloc="51" classes="1" methods="7" coveredmethods="7" conditionals="0" coveredconditionals="0" statements="13" coveredstatements="13" elements="20" coveredelements="20"/>
      </file>
      <file name="/home/wanderson/www/wanderson/winphp/www/app/model/Win/Alert/AlertDefault.php">
        <class name="AlertDefault" namespace="Win\Alert">
          <metrics complexity="0" methods="0" coveredmethods="0" conditionals="0" coveredconditionals="0" statements="0" coveredstatements="0" elements="0" coveredelements="0"/>
        </class>
        <metrics loc="9" ncloc="9" classes="0" methods="0" coveredmethods="0" conditionals="0" coveredconditionals="0" statements="0" coveredstatements="0" elements="0" coveredelements="0"/>
      </file>
      <file name="/home/wanderson/www/wanderson/winphp/www/app/model/Win/Alert/AlertError.php">
        <class name="AlertError" namespace="Win\Alert">
          <metrics complexity="0" methods="0" coveredmethods="0" conditionals="0" coveredconditionals="0" statements="0" coveredstatements="0" elements="0" coveredelements="0"/>
        </class>
        <metrics loc="9" ncloc="9" classes="0" methods="0" coveredmethods="0" conditionals="0" coveredconditionals="0" statements="0" coveredstatements="0" elements="0" coveredelements="0"/>
      </file>
      <file name="/home/wanderson/www/wanderson/winphp/www/app/model/Win/Alert/AlertInfo.php">
        <class name="AlertInfo" namespace="Win\Alert">
          <metrics complexity="0" methods="0" coveredmethods="0" conditionals="0" coveredconditionals="0" statements="0" coveredstatements="0" elements="0" coveredelements="0"/>
        </class>
        <metrics loc="9" ncloc="9" classes="0" methods="0" coveredmethods="0" conditionals="0" coveredconditionals="0" statements="0" coveredstatements="0" elements="0" coveredelements="0"/>
      </file>
      <file name="/home/wanderson/www/wanderson/winphp/www/app/model/Win/Alert/AlertSuccess.php">
        <class name="AlertSuccess" namespace="Win\Alert">
          <metrics complexity="0" methods="0" coveredmethods="0" conditionals="0" coveredconditionals="0" statements="0" coveredstatements="0" elements="0" coveredelements="0"/>
        </class>
        <metrics loc="9" ncloc="9" classes="0" methods="0" coveredmethods="0" conditionals="0" coveredconditionals="0" statements="0" coveredstatements="0" elements="0" coveredelements="0"/>
      </file>
      <file name="/home/wanderson/www/wanderson/winphp/www/app/model/Win/Alert/Session.php">
        <class name="Session" namespace="Win\Alert">
          <metrics complexity="12" methods="6" coveredmethods="6" conditionals="0" coveredconditionals="0" statements="17" coveredstatements="17" elements="23" coveredelements="23"/>
        </class>
        <line num="17" type="method" name="addAlert" visibility="public" complexity="2" crap="2" count="21"/>
        <line num="18" type="stmt" count="21"/>
        <line num="19" type="stmt" count="21"/>
        <line num="21" type="stmt" count="21"/>
        <line num="27" type="method" name="setAutoSave" visibility="public" complexity="1" crap="1" count="1"/>
        <line num="28" type="stmt" count="1"/>
        <line num="29" type="stmt" count="1"/>
        <line num="37" type="method" name="showAlerts" visibility="public" complexity="2" crap="2" count="5"/>
        <line num="38" type="stmt" count="5"/>
        <line num="39" type="stmt" count="2"/>
        <line num="40" type="stmt" count="2"/>
        <line num="42" type="stmt" count="5"/>
        <line num="50" type="method" name="getAlerts" visibility="public" complexity="5" crap="5" count="12"/>
        <line num="51" type="stmt" count="12"/>
        <line num="52" type="stmt" count="12"/>
        <line num="53" type="stmt" count="8"/>
        <line num="54" type="stmt" count="8"/>
        <line num="57" type="stmt" count="12"/>
        <line num="63" type="method" name="clearAlerts" visibility="public" complexity="1" crap="1" count="9"/>
        <line num="64" type="stmt" count="9"/>
        <line num="65" type="stmt" count="9"/>
        <line num="71" type="method" name="hasAlert" visibility="public" complexity="1" crap="1" count="2"/>
        <line num="72" type="stmt" count="2"/>
        <metrics loc="75" ncloc="44" classes="1" methods="6" coveredmethods="6" conditionals="0" coveredconditionals="0" statements="17" coveredstatements="17" elements="23" coveredelements="23"/>
      </file>
    </package>
    <package name="Win\Authentication">
      <file name="/home/wanderson/www/wanderson/winphp/www/app/model/Win/Authentication/Password.php">
        <class name="Password" namespace="Win\Authentication">
          <metrics complexity="2" methods="2" coveredmethods="2" conditionals="0" coveredconditionals="0" statements="8" coveredstatements="8" elements="10" coveredelements="10"/>
        </class>
        <line num="18" type="method" name="generate" visibility="public" complexity="1" crap="1" count="2"/>
        <line num="19" type="stmt" count="2"/>
        <line num="20" type="stmt" count="2"/>
        <line num="21" type="stmt" count="2"/>
        <line num="23" type="stmt" count="2"/>
        <line num="24" type="stmt" count="2"/>
        <line num="25" type="stmt" count="2"/>
        <line num="27" type="stmt" count="2"/>
        <line num="34" type="method" name="encrypt" visibility="public" complexity="1" crap="1" count="2"/>
        <line num="35" type="stmt" count="2"/>
        <metrics loc="38" ncloc="25" classes="1" methods="2" coveredmethods="2" conditionals="0" coveredconditionals="0" statements="8" coveredstatements="8" elements="10" coveredelements="10"/>
      </file>
    </package>
    <package name="Win\Calendar">
      <file name="/home/wanderson/www/wanderson/winphp/www/app/model/Win/Calendar/DateCalc.php">
        <class name="DateCalc" namespace="Win\Calendar">
          <metrics complexity="22" methods="17" coveredmethods="17" conditionals="0" coveredconditionals="0" statements="49" coveredstatements="49" elements="66" coveredelements="66"/>
        </class>
        <line num="35" type="method" name="sumSeconds" visibility="public" complexity="1" crap="1" count="2"/>
        <line num="36" type="stmt" count="2"/>
        <line num="37" type="stmt" count="2"/>
        <line num="43" type="method" name="sumMinutes" visibility="public" complexity="1" crap="1" count="1"/>
        <line num="44" type="stmt" count="1"/>
        <line num="45" type="stmt" count="1"/>
        <line num="51" type="method" name="sumHours" visibility="public" complexity="1" crap="1" count="1"/>
        <line num="52" type="stmt" count="1"/>
        <line num="53" type="stmt" count="1"/>
        <line num="59" type="method" name="sumDays" visibility="public" complexity="1" crap="1" count="1"/>
        <line num="60" type="stmt" count="1"/>
        <line num="61" type="stmt" count="1"/>
        <line num="67" type="method" name="sumWeeks" visibility="public" complexity="1" crap="1" count="1"/>
        <line num="68" type="stmt" count="1"/>
        <line num="69" type="stmt" count="1"/>
        <line num="75" type="method" name="sumMonths" visibility="public" complexity="1" crap="1" count="1"/>
        <line num="76" type="stmt" count="1"/>
        <line num="77" type="stmt" count="1"/>
        <line num="83" type="method" name="sumYears" visibility="public" complexity="1" crap="1" count="2"/>
        <line num="84" type="stmt" count="2"/>
        <line num="85" type="stmt" count="2"/>
        <line num="91" type="method" name="subSeconds" visibility="public" complexity="1" crap="1" count="2"/>
        <line num="92" type="stmt" count="2"/>
        <line num="93" type="stmt" count="2"/>
        <line num="99" type="method" name="subMinutes" visibility="public" complexity="1" crap="1" count="1"/>
        <line num="100" type="stmt" count="1"/>
        <line num="101" type="stmt" count="1"/>
        <line num="107" type="method" name="subHours" visibility="public" complexity="1" crap="1" count="1"/>
        <line num="108" type="stmt" count="1"/>
        <line num="109" type="stmt" count="1"/>
        <line num="115" type="method" name="subDays" visibility="public" complexity="1" crap="1" count="1"/>
        <line num="116" type="stmt" count="1"/>
        <line num="117" type="stmt" count="1"/>
        <line num="123" type="method" name="subWeeks" visibility="public" complexity="1" crap="1" count="1"/>
        <line num="124" type="stmt" count="1"/>
        <line num="125" type="stmt" count="1"/>
        <line num="131" type="method" name="subMonths" visibility="public" complexity="1" crap="1" count="2"/>
        <line num="132" type="stmt" count="2"/>
        <line num="133" type="stmt" count="2"/>
        <line num="139" type="method" name="subYears" visibility="public" complexity="1" crap="1" count="1"/>
        <line num="140" type="stmt" count="1"/>
        <line num="141" type="stmt" count="1"/>
        <line num="148" type="method" name="secondsToFormat" visibility="public" complexity="1" crap="1" count="4"/>
        <line num="149" type="stmt" count="4"/>
        <line num="150" type="stmt" count="4"/>
        <line num="151" type="stmt" count="4"/>
        <line num="159" type="method" name="toTimeAgo" visibility="public" complexity="4" crap="4" count="4"/>
        <line num="160" type="stmt" count="4"/>
        <line num="161" type="stmt" count="4"/>
        <line num="162" type="stmt" count="3"/>
        <line num="164" type="stmt" count="3"/>
        <line num="165" type="stmt" count="1"/>
        <line num="166" type="stmt" count="2"/>
        <line num="167" type="stmt" count="1"/>
        <line num="169" type="stmt" count="1"/>
        <line num="172" type="stmt" count="4"/>
        <line num="180" type="method" name="toHighestUnit" visibility="protected" complexity="3" crap="3" count="2"/>
        <line num="181" type="stmt" count="2"/>
        <line num="182" type="stmt" count="2"/>
        <line num="183" type="stmt" count="2"/>
        <line num="184" type="stmt" count="2"/>
        <line num="185" type="stmt" count="2"/>
        <line num="186" type="stmt" count="2"/>
        <line num="187" type="stmt" count="2"/>
        <line num="188" type="stmt" count="2"/>
        <line num="191" type="stmt" count="2"/>
        <metrics loc="194" ncloc="119" classes="1" methods="17" coveredmethods="17" conditionals="0" coveredconditionals="0" statements="49" coveredstatements="49" elements="66" coveredelements="66"/>
      </file>
      <file name="/home/wanderson/www/wanderson/winphp/www/app/model/Win/Calendar/DateTime.php">
        <class name="DateTime" namespace="Win\Calendar">
          <metrics complexity="11" methods="10" coveredmethods="10" conditionals="0" coveredconditionals="0" statements="11" coveredstatements="11" elements="21" coveredelements="21"/>
        </class>
        <line num="19" type="method" name="isEmpty" visibility="public" complexity="1" crap="1" count="3"/>
        <line num="20" type="stmt" count="3"/>
        <line num="24" type="method" name="getMonthName" visibility="public" complexity="1" crap="1" count="1"/>
        <line num="25" type="stmt" count="1"/>
        <line num="29" type="method" name="getMonthAbbre" visibility="public" complexity="1" crap="1" count="1"/>
        <line num="30" type="stmt" count="1"/>
        <line num="34" type="method" name="getAge" visibility="public" complexity="1" crap="1" count="1"/>
        <line num="35" type="stmt" count="1"/>
        <line num="39" type="method" name="toHtml" visibility="public" complexity="1" crap="1" count="1"/>
        <line num="40" type="stmt" count="1"/>
        <line num="44" type="method" name="__toString" visibility="public" complexity="1" crap="1" count="1"/>
        <line num="45" type="stmt" count="1"/>
        <line num="49" type="method" name="toSql" visibility="public" complexity="1" crap="1" count="1"/>
        <line num="50" type="stmt" count="1"/>
        <line num="59" type="method" name="isValid" visibility="public" complexity="2" crap="2" count="3"/>
        <line num="60" type="stmt" count="3"/>
        <line num="68" type="method" name="create" visibility="public" complexity="1" crap="1" count="17"/>
        <line num="69" type="stmt" count="17"/>
        <line num="70" type="stmt" count="17"/>
        <line num="77" type="method" name="createEmpty" visibility="public" complexity="1" crap="1" count="1"/>
        <line num="78" type="stmt" count="1"/>
        <metrics loc="81" ncloc="56" classes="1" methods="10" coveredmethods="10" conditionals="0" coveredconditionals="0" statements="11" coveredstatements="11" elements="21" coveredelements="21"/>
      </file>
      <file name="/home/wanderson/www/wanderson/winphp/www/app/model/Win/Calendar/Month.php">
        <class name="Month" namespace="Win\Calendar">
          <metrics complexity="6" methods="4" coveredmethods="4" conditionals="0" coveredconditionals="0" statements="8" coveredstatements="8" elements="12" coveredelements="12"/>
        </class>
        <line num="22" type="method" name="create" visibility="public" complexity="1" crap="1" count="5"/>
        <line num="23" type="stmt" count="5"/>
        <line num="27" type="method" name="__construct" visibility="public" complexity="1" crap="1" count="6"/>
        <line num="28" type="stmt" count="6"/>
        <line num="29" type="stmt" count="6"/>
        <line num="32" type="method" name="getName" visibility="public" complexity="2" crap="2" count="6"/>
        <line num="33" type="stmt" count="6"/>
        <line num="37" type="method" name="getNameAbbre" visibility="public" complexity="2" crap="2" count="2"/>
        <line num="38" type="stmt" count="2"/>
        <line num="39" type="stmt" count="2"/>
        <line num="40" type="stmt" count="2"/>
        <line num="42" type="stmt" count="1"/>
        <metrics loc="46" ncloc="34" classes="1" methods="4" coveredmethods="4" conditionals="0" coveredconditionals="0" statements="8" coveredstatements="8" elements="12" coveredelements="12"/>
      </file>
      <file name="/home/wanderson/www/wanderson/winphp/www/app/model/Win/Calendar/Timer.php">
        <class name="Timer" namespace="Win\Calendar">
          <metrics complexity="7" methods="4" coveredmethods="4" conditionals="0" coveredconditionals="0" statements="18" coveredstatements="18" elements="22" coveredelements="22"/>
        </class>
        <line num="23" type="method" name="__construct" visibility="public" complexity="1" crap="1" count="2"/>
        <line num="24" type="stmt" count="2"/>
        <line num="25" type="stmt" count="2"/>
        <line num="30" type="method" name="reset" visibility="public" complexity="1" crap="1" count="1"/>
        <line num="31" type="stmt" count="1"/>
        <line num="32" type="stmt" count="1"/>
        <line num="38" type="method" name="getMicroTime" visibility="private" complexity="1" crap="1" count="2"/>
        <line num="39" type="stmt" count="2"/>
        <line num="46" type="method" name="time" visibility="public" complexity="4" crap="4" count="2"/>
        <line num="47" type="stmt" count="2"/>
        <line num="48" type="stmt" count="2"/>
        <line num="49" type="stmt" count="2"/>
        <line num="50" type="stmt" count="2"/>
        <line num="51" type="stmt" count="2"/>
        <line num="52" type="stmt" count="2"/>
        <line num="53" type="stmt" count="2"/>
        <line num="54" type="stmt" count="2"/>
        <line num="57" type="stmt" count="2"/>
        <line num="58" type="stmt" count="2"/>
        <line num="59" type="stmt" count="2"/>
        <line num="60" type="stmt" count="2"/>
        <line num="61" type="stmt" count="2"/>
        <metrics loc="64" ncloc="39" classes="1" methods="4" coveredmethods="4" conditionals="0" coveredconditionals="0" statements="18" coveredstatements="18" elements="22" coveredelements="22"/>
      </file>
    </package>
    <package name="Win\Connection">
      <file name="/home/wanderson/www/wanderson/winphp/www/app/model/Win/Connection/Database.php">
        <class name="Database" namespace="Win\Connection">
          <metrics complexity="8" methods="4" coveredmethods="4" conditionals="0" coveredconditionals="0" statements="12" coveredstatements="12" elements="16" coveredelements="16"/>
        </class>
        <line num="32" type="method" name="getPDO" visibility="public" complexity="1" crap="1" count="2"/>
        <line num="33" type="stmt" count="2"/>
        <line num="40" type="method" name="connect" visibility="public" complexity="2" crap="2" count="8"/>
        <line num="42" type="stmt" count="8"/>
        <line num="43" type="stmt" count="4"/>
        <line num="44" type="stmt" count="4"/>
        <line num="45" type="stmt" count="5"/>
        <line num="46" type="stmt" count="5"/>
        <line num="48" type="stmt" count="8"/>
        <line num="54" type="method" name="isValid" visibility="public" complexity="2" crap="2" count="4"/>
        <line num="55" type="stmt" count="4"/>
        <line num="61" type="method" name="validate" visibility="public" complexity="2" crap="2" count="2"/>
        <line num="62" type="stmt" count="2"/>
        <line num="63" type="stmt" count="1"/>
        <line num="64" type="stmt" count="1"/>
        <line num="66" type="stmt" count="2"/>
        <metrics loc="68" ncloc="45" classes="1" methods="4" coveredmethods="4" conditionals="0" coveredconditionals="0" statements="12" coveredstatements="12" elements="16" coveredelements="16"/>
      </file>
      <file name="/home/wanderson/www/wanderson/winphp/www/app/model/Win/Connection/Mysql.php">
        <class name="Mysql" namespace="Win\Connection">
          <metrics complexity="1" methods="1" coveredmethods="1" conditionals="0" coveredconditionals="0" statements="1" coveredstatements="1" elements="2" coveredelements="2"/>
        </class>
        <line num="14" type="method" name="createPdo" visibility="protected" complexity="1" crap="1" count="8"/>
        <line num="15" type="stmt" count="8"/>
        <metrics loc="18" ncloc="13" classes="1" methods="1" coveredmethods="1" conditionals="0" coveredconditionals="0" statements="1" coveredstatements="1" elements="2" coveredelements="2"/>
      </file>
    </package>
    <package name="Win\DAO">
      <file name="/home/wanderson/www/wanderson/winphp/www/app/model/Win/DAO/DAO.php">
        <class name="DAO" namespace="Win\DAO">
          <metrics complexity="61" methods="33" coveredmethods="0" conditionals="0" coveredconditionals="0" statements="178" coveredstatements="0" elements="211" coveredelements="0"/>
        </class>
        <line num="58" type="method" name="instance" visibility="public" complexity="2" crap="6" count="0"/>
        <line num="59" type="stmt" count="0"/>
        <line num="60" type="stmt" count="0"/>
        <line num="61" type="stmt" count="0"/>
        <line num="62" type="stmt" count="0"/>
        <line num="63" type="stmt" count="0"/>
        <line num="64" type="stmt" count="0"/>
        <line num="67" type="method" name="__construct" visibility="public" complexity="1" crap="2" count="0"/>
        <line num="68" type="stmt" count="0"/>
        <line num="69" type="stmt" count="0"/>
        <line num="70" type="stmt" count="0"/>
        <line num="71" type="stmt" count="0"/>
        <line num="72" type="stmt" count="0"/>
        <line num="73" type="stmt" count="0"/>
        <line num="75" type="method" name="pagination" visibility="public" complexity="1" crap="2" count="0"/>
        <line num="76" type="stmt" count="0"/>
        <line num="77" type="stmt" count="0"/>
        <line num="83" type="method" name="setPDO" visibility="public" complexity="1" crap="2" count="0"/>
        <line num="84" type="stmt" count="0"/>
        <line num="85" type="stmt" count="0"/>
        <line num="91" type="method" name="setSelectCollumns" visibility="public" complexity="1" crap="2" count="0"/>
        <line num="92" type="stmt" count="0"/>
        <line num="93" type="stmt" count="0"/>
        <line num="99" type="method" name="addSelectCollumn" visibility="public" complexity="2" crap="6" count="0"/>
        <line num="100" type="stmt" count="0"/>
        <line num="101" type="stmt" count="0"/>
        <line num="102" type="stmt" count="0"/>
        <line num="103" type="stmt" count="0"/>
        <line num="110" type="method" name="save" visibility="public" complexity="10" crap="110" count="0"/>
        <line num="111" type="stmt" count="0"/>
        <line num="112" type="stmt" count="0"/>
        <line num="114" type="stmt" count="0"/>
        <line num="115" type="stmt" count="0"/>
        <line num="116" type="stmt" count="0"/>
        <line num="118" type="stmt" count="0"/>
        <line num="119" type="stmt" count="0"/>
        <line num="120" type="stmt" count="0"/>
        <line num="121" type="stmt" count="0"/>
        <line num="122" type="stmt" count="0"/>
        <line num="123" type="stmt" count="0"/>
        <line num="125" type="stmt" count="0"/>
        <line num="126" type="stmt" count="0"/>
        <line num="127" type="stmt" count="0"/>
        <line num="128" type="stmt" count="0"/>
        <line num="129" type="stmt" count="0"/>
        <line num="130" type="stmt" count="0"/>
        <line num="131" type="stmt" count="0"/>
        <line num="132" type="stmt" count="0"/>
        <line num="133" type="stmt" count="0"/>
        <line num="136" type="method" name="insert" visibility="protected" complexity="1" crap="2" count="0"/>
        <line num="137" type="stmt" count="0"/>
        <line num="138" type="stmt" count="0"/>
        <line num="139" type="stmt" count="0"/>
        <line num="141" type="stmt" count="0"/>
        <line num="142" type="stmt" count="0"/>
        <line num="143" type="stmt" count="0"/>
        <line num="144" type="stmt" count="0"/>
        <line num="147" type="method" name="update" visibility="protected" complexity="2" crap="6" count="0"/>
        <line num="148" type="stmt" count="0"/>
        <line num="149" type="stmt" count="0"/>
        <line num="150" type="stmt" count="0"/>
        <line num="151" type="stmt" count="0"/>
        <line num="152" type="stmt" count="0"/>
        <line num="154" type="stmt" count="0"/>
        <line num="155" type="stmt" count="0"/>
        <line num="156" type="stmt" count="0"/>
        <line num="158" type="stmt" count="0"/>
        <line num="159" type="stmt" count="0"/>
        <line num="160" type="stmt" count="0"/>
        <line num="161" type="stmt" count="0"/>
        <line num="168" type="method" name="delete" visibility="public" complexity="1" crap="2" count="0"/>
        <line num="169" type="stmt" count="0"/>
        <line num="170" type="stmt" count="0"/>
        <line num="171" type="stmt" count="0"/>
        <line num="172" type="stmt" count="0"/>
        <line num="173" type="stmt" count="0"/>
        <line num="174" type="stmt" count="0"/>
        <line num="175" type="stmt" count="0"/>
        <line num="181" type="method" name="deleteById" visibility="public" complexity="1" crap="2" count="0"/>
        <line num="182" type="stmt" count="0"/>
        <line num="183" type="stmt" count="0"/>
        <line num="190" type="method" name="deleteByField" visibility="public" complexity="1" crap="2" count="0"/>
        <line num="191" type="stmt" count="0"/>
        <line num="192" type="stmt" count="0"/>
        <line num="198" type="method" name="deleteAll" visibility="public" complexity="2" crap="6" count="0"/>
        <line num="199" type="stmt" count="0"/>
        <line num="200" type="stmt" count="0"/>
        <line num="201" type="stmt" count="0"/>
        <line num="202" type="stmt" count="0"/>
        <line num="203" type="stmt" count="0"/>
        <line num="211" type="method" name="exec" visibility="protected" complexity="3" crap="12" count="0"/>
        <line num="212" type="stmt" count="0"/>
        <line num="213" type="stmt" count="0"/>
        <line num="214" type="stmt" count="0"/>
        <line num="215" type="stmt" count="0"/>
        <line num="216" type="stmt" count="0"/>
        <line num="217" type="stmt" count="0"/>
        <line num="218" type="stmt" count="0"/>
        <line num="219" type="stmt" count="0"/>
        <line num="220" type="stmt" count="0"/>
        <line num="221" type="stmt" count="0"/>
        <line num="222" type="stmt" count="0"/>
        <line num="223" type="stmt" count="0"/>
        <line num="224" type="stmt" count="0"/>
        <line num="231" type="method" name="errorSql" visibility="protected" complexity="4" crap="20" count="0"/>
        <line num="232" type="stmt" count="0"/>
        <line num="233" type="stmt" count="0"/>
        <line num="234" type="stmt" count="0"/>
        <line num="235" type="stmt" count="0"/>
        <line num="236" type="stmt" count="0"/>
        <line num="237" type="stmt" count="0"/>
        <line num="238" type="stmt" count="0"/>
        <line num="239" type="stmt" count="0"/>
        <line num="240" type="stmt" count="0"/>
        <line num="241" type="stmt" count="0"/>
        <line num="242" type="stmt" count="0"/>
        <line num="248" type="method" name="fetchById" visibility="public" complexity="1" crap="2" count="0"/>
        <line num="249" type="stmt" count="0"/>
        <line num="250" type="stmt" count="0"/>
        <line num="257" type="method" name="fetchByField" visibility="public" complexity="1" crap="2" count="0"/>
        <line num="258" type="stmt" count="0"/>
        <line num="259" type="stmt" count="0"/>
        <line num="265" type="method" name="fetch" visibility="public" complexity="2" crap="6" count="0"/>
        <line num="266" type="stmt" count="0"/>
        <line num="268" type="stmt" count="0"/>
        <line num="269" type="stmt" count="0"/>
        <line num="271" type="stmt" count="0"/>
        <line num="272" type="stmt" count="0"/>
        <line num="273" type="stmt" count="0"/>
        <line num="274" type="stmt" count="0"/>
        <line num="275" type="stmt" count="0"/>
        <line num="276" type="stmt" count="0"/>
        <line num="277" type="stmt" count="0"/>
        <line num="287" type="method" name="fetchAll" visibility="public" complexity="3" crap="12" count="0"/>
        <line num="288" type="stmt" count="0"/>
        <line num="290" type="stmt" count="0"/>
        <line num="291" type="stmt" count="0"/>
        <line num="292" type="stmt" count="0"/>
        <line num="294" type="stmt" count="0"/>
        <line num="295" type="stmt" count="0"/>
        <line num="296" type="stmt" count="0"/>
        <line num="298" type="stmt" count="0"/>
        <line num="299" type="stmt" count="0"/>
        <line num="300" type="stmt" count="0"/>
        <line num="301" type="stmt" count="0"/>
        <line num="302" type="stmt" count="0"/>
        <line num="304" type="stmt" count="0"/>
        <line num="305" type="stmt" count="0"/>
        <line num="313" type="method" name="selectSQL" visibility="protected" complexity="1" crap="2" count="0"/>
        <line num="314" type="stmt" count="0"/>
        <line num="315" type="stmt" count="0"/>
        <line num="321" type="method" name="addFilters" visibility="private" complexity="1" crap="2" count="0"/>
        <line num="322" type="stmt" count="0"/>
        <line num="323" type="stmt" count="0"/>
        <line num="330" type="method" name="filter" visibility="public" complexity="1" crap="2" count="0"/>
        <line num="331" type="stmt" count="0"/>
        <line num="332" type="stmt" count="0"/>
        <line num="338" type="method" name="option" visibility="public" complexity="1" crap="2" count="0"/>
        <line num="339" type="stmt" count="0"/>
        <line num="340" type="stmt" count="0"/>
        <line num="347" type="method" name="paginate" visibility="public" complexity="1" crap="2" count="0"/>
        <line num="348" type="stmt" count="0"/>
        <line num="349" type="stmt" count="0"/>
        <line num="356" type="method" name="numRows" visibility="public" complexity="2" crap="6" count="0"/>
        <line num="357" type="stmt" count="0"/>
        <line num="359" type="stmt" count="0"/>
        <line num="360" type="stmt" count="0"/>
        <line num="362" type="stmt" count="0"/>
        <line num="363" type="stmt" count="0"/>
        <line num="364" type="stmt" count="0"/>
        <line num="365" type="stmt" count="0"/>
        <line num="366" type="stmt" count="0"/>
        <line num="367" type="stmt" count="0"/>
        <line num="368" type="stmt" count="0"/>
        <line num="369" type="stmt" count="0"/>
        <line num="376" type="method" name="objExists" visibility="public" complexity="2" crap="6" count="0"/>
        <line num="377" type="stmt" count="0"/>
        <line num="378" type="stmt" count="0"/>
        <line num="381" type="method" name="checkFoundRegistry" visibility="public" complexity="2" crap="6" count="0"/>
        <line num="382" type="stmt" count="0"/>
        <line num="383" type="stmt" count="0"/>
        <line num="384" type="stmt" count="0"/>
        <line num="385" type="stmt" count="0"/>
        <line num="386" type="stmt" count="0"/>
        <line num="388" type="method" name="validateArray" visibility="private" complexity="2" crap="6" count="0"/>
        <line num="389" type="stmt" count="0"/>
        <line num="390" type="stmt" count="0"/>
        <line num="391" type="stmt" count="0"/>
        <line num="392" type="stmt" count="0"/>
        <line num="395" type="method" name="debug" visibility="public" complexity="1" crap="2" count="0"/>
        <line num="396" type="stmt" count="0"/>
        <line num="397" type="stmt" count="0"/>
        <line num="404" type="method" name="showDebug" visibility="protected" complexity="3" crap="12" count="0"/>
        <line num="406" type="stmt" count="0"/>
        <line num="407" type="stmt" count="0"/>
        <line num="408" type="stmt" count="0"/>
        <line num="409" type="stmt" count="0"/>
        <line num="411" type="stmt" count="0"/>
        <line num="412" type="stmt" count="0"/>
        <line num="413" type="stmt" count="0"/>
        <line num="414" type="stmt" count="0"/>
        <line num="415" type="stmt" count="0"/>
        <line num="417" type="method" name="beforeSave" visibility="protected" complexity="1" crap="2" count="0"/>
        <line num="418" type="stmt" count="0"/>
        <line num="419" type="stmt" count="0"/>
        <line num="421" type="method" name="afterSave" visibility="protected" complexity="1" crap="2" count="0"/>
        <line num="422" type="stmt" count="0"/>
        <line num="423" type="stmt" count="0"/>
        <line num="425" type="method" name="onDelete" visibility="protected" complexity="1" crap="2" count="0"/>
        <line num="426" type="stmt" count="0"/>
        <line num="427" type="stmt" count="0"/>
        <metrics loc="429" ncloc="299" classes="1" methods="33" coveredmethods="0" conditionals="0" coveredconditionals="0" statements="178" coveredstatements="0" elements="211" coveredelements="0"/>
      </file>
      <file name="/home/wanderson/www/wanderson/winphp/www/app/model/Win/DAO/Option.php">
        <class name="Option" namespace="Win\DAO">
          <metrics complexity="3" methods="3" coveredmethods="0" conditionals="0" coveredconditionals="0" statements="6" coveredstatements="0" elements="9" coveredelements="0"/>
        </class>
        <line num="14" type="method" name="__construct" visibility="public" complexity="1" crap="2" count="0"/>
        <line num="15" type="stmt" count="0"/>
        <line num="16" type="stmt" count="0"/>
        <line num="22" type="method" name="set" visibility="public" complexity="1" crap="2" count="0"/>
        <line num="23" type="stmt" count="0"/>
        <line num="24" type="stmt" count="0"/>
        <line num="27" type="method" name="toSql" visibility="public" complexity="1" crap="2" count="0"/>
        <line num="28" type="stmt" count="0"/>
        <line num="29" type="stmt" count="0"/>
        <metrics loc="31" ncloc="21" classes="1" methods="3" coveredmethods="0" conditionals="0" coveredconditionals="0" statements="6" coveredstatements="0" elements="9" coveredelements="0"/>
      </file>
      <file name="/home/wanderson/www/wanderson/winphp/www/app/model/Win/DAO/Pagination.php">
        <class name="Pagination" namespace="Win\DAO">
          <metrics complexity="20" methods="11" coveredmethods="0" conditionals="0" coveredconditionals="0" statements="39" coveredstatements="0" elements="50" coveredelements="0"/>
        </class>
        <line num="19" type="method" name="__construct" visibility="public" complexity="1" crap="2" count="0"/>
        <line num="20" type="stmt" count="0"/>
        <line num="21" type="stmt" count="0"/>
        <line num="22" type="stmt" count="0"/>
        <line num="25" type="method" name="totalPerPage" visibility="public" complexity="1" crap="2" count="0"/>
        <line num="26" type="stmt" count="0"/>
        <line num="27" type="stmt" count="0"/>
        <line num="30" type="method" name="current" visibility="public" complexity="4" crap="20" count="0"/>
        <line num="31" type="stmt" count="0"/>
        <line num="32" type="stmt" count="0"/>
        <line num="33" type="stmt" count="0"/>
        <line num="35" type="stmt" count="0"/>
        <line num="36" type="stmt" count="0"/>
        <line num="37" type="stmt" count="0"/>
        <line num="38" type="stmt" count="0"/>
        <line num="39" type="stmt" count="0"/>
        <line num="42" type="method" name="prev" visibility="public" complexity="2" crap="6" count="0"/>
        <line num="43" type="stmt" count="0"/>
        <line num="44" type="stmt" count="0"/>
        <line num="47" type="method" name="next" visibility="public" complexity="2" crap="6" count="0"/>
        <line num="48" type="stmt" count="0"/>
        <line num="49" type="stmt" count="0"/>
        <line num="52" type="method" name="first" visibility="public" complexity="1" crap="2" count="0"/>
        <line num="53" type="stmt" count="0"/>
        <line num="54" type="stmt" count="0"/>
        <line num="57" type="method" name="last" visibility="public" complexity="1" crap="2" count="0"/>
        <line num="58" type="stmt" count="0"/>
        <line num="59" type="stmt" count="0"/>
        <line num="62" type="method" name="setTotal" visibility="public" complexity="2" crap="6" count="0"/>
        <line num="63" type="stmt" count="0"/>
        <line num="64" type="stmt" count="0"/>
        <line num="65" type="stmt" count="0"/>
        <line num="66" type="stmt" count="0"/>
        <line num="67" type="stmt" count="0"/>
        <line num="70" type="method" name="setCurrent" visibility="public" complexity="3" crap="12" count="0"/>
        <line num="71" type="stmt" count="0"/>
        <line num="72" type="stmt" count="0"/>
        <line num="73" type="stmt" count="0"/>
        <line num="74" type="stmt" count="0"/>
        <line num="75" type="stmt" count="0"/>
        <line num="78" type="method" name="toSql" visibility="public" complexity="2" crap="6" count="0"/>
        <line num="79" type="stmt" count="0"/>
        <line num="80" type="stmt" count="0"/>
        <line num="81" type="stmt" count="0"/>
        <line num="82" type="stmt" count="0"/>
        <line num="83" type="stmt" count="0"/>
        <line num="84" type="stmt" count="0"/>
        <line num="87" type="method" name="toHtml" visibility="public" complexity="1" crap="2" count="0"/>
        <line num="88" type="stmt" count="0"/>
        <line num="89" type="stmt" count="0"/>
        <metrics loc="91" ncloc="76" classes="1" methods="11" coveredmethods="0" conditionals="0" coveredconditionals="0" statements="39" coveredstatements="0" elements="50" coveredelements="0"/>
      </file>
      <file name="/home/wanderson/www/wanderson/winphp/www/app/model/Win/DAO/Where.php">
        <class name="Where" namespace="Win\DAO">
          <metrics complexity="7" methods="4" coveredmethods="0" conditionals="0" coveredconditionals="0" statements="18" coveredstatements="0" elements="22" coveredelements="0"/>
        </class>
        <line num="15" type="method" name="__construct" visibility="public" complexity="1" crap="2" count="0"/>
        <line num="16" type="stmt" count="0"/>
        <line num="17" type="stmt" count="0"/>
        <line num="18" type="stmt" count="0"/>
        <line num="25" type="method" name="filter" visibility="public" complexity="3" crap="12" count="0"/>
        <line num="26" type="stmt" count="0"/>
        <line num="27" type="stmt" count="0"/>
        <line num="28" type="stmt" count="0"/>
        <line num="29" type="stmt" count="0"/>
        <line num="30" type="stmt" count="0"/>
        <line num="31" type="stmt" count="0"/>
        <line num="32" type="stmt" count="0"/>
        <line num="33" type="stmt" count="0"/>
        <line num="36" type="method" name="toSql" visibility="public" complexity="2" crap="6" count="0"/>
        <line num="37" type="stmt" count="0"/>
        <line num="38" type="stmt" count="0"/>
        <line num="39" type="stmt" count="0"/>
        <line num="40" type="stmt" count="0"/>
        <line num="41" type="stmt" count="0"/>
        <line num="44" type="method" name="values" visibility="public" complexity="1" crap="2" count="0"/>
        <line num="45" type="stmt" count="0"/>
        <line num="46" type="stmt" count="0"/>
        <metrics loc="48" ncloc="36" classes="1" methods="4" coveredmethods="0" conditionals="0" coveredconditionals="0" statements="18" coveredstatements="0" elements="22" coveredelements="0"/>
      </file>
    </package>
    <file name="/home/wanderson/www/wanderson/winphp/www/app/model/Win/DAO/DAOInterface.php">
      <metrics loc="29" ncloc="18" classes="0" methods="0" coveredmethods="0" conditionals="0" coveredconditionals="0" statements="0" coveredstatements="0" elements="0" coveredelements="0"/>
    </file>
    <package name="Win\Data">
      <file name="/home/wanderson/www/wanderson/winphp/www/app/model/Win/Data/Config.php">
        <class name="Config" namespace="Win\Data">
          <metrics complexity="3" methods="3" coveredmethods="3" conditionals="0" coveredconditionals="0" statements="5" coveredstatements="5" elements="8" coveredelements="8"/>
        </class>
        <line num="13" type="method" name="load" visibility="public" complexity="1" crap="1" count="43"/>
        <line num="14" type="stmt" count="43"/>
        <line num="15" type="stmt" count="43"/>
        <line num="17" type="method" name="getAll" visibility="public" complexity="1" crap="1" count="44"/>
        <line num="18" type="stmt" count="44"/>
        <line num="21" type="method" name="set" visibility="public" complexity="1" crap="1" count="2"/>
        <line num="22" type="stmt" count="2"/>
        <line num="23" type="stmt" count="2"/>
        <metrics loc="25" ncloc="21" classes="1" methods="3" coveredmethods="3" conditionals="0" coveredconditionals="0" statements="5" coveredstatements="5" elements="8" coveredelements="8"/>
      </file>
      <file name="/home/wanderson/www/wanderson/winphp/www/app/model/Win/Data/Data.php">
        <class name="Data" namespace="Win\Data">
          <metrics complexity="4" methods="1" coveredmethods="1" conditionals="0" coveredconditionals="0" statements="7" coveredstatements="7" elements="8" coveredelements="8"/>
        </class>
        <line num="15" type="method" name="get" visibility="public" complexity="4" crap="4" count="47"/>
        <line num="16" type="stmt" count="47"/>
        <line num="17" type="stmt" count="47"/>
        <line num="18" type="stmt" count="47"/>
        <line num="19" type="stmt" count="47"/>
        <line num="20" type="stmt" count="7"/>
        <line num="22" type="stmt" count="47"/>
        <line num="25" type="stmt" count="6"/>
        <metrics loc="28" ncloc="20" classes="1" methods="1" coveredmethods="1" conditionals="0" coveredconditionals="0" statements="7" coveredstatements="7" elements="8" coveredelements="8"/>
      </file>
    </package>
    <file name="/home/wanderson/www/wanderson/winphp/www/app/model/Win/Data/DataInterface.php">
      <metrics loc="18" ncloc="10" classes="0" methods="0" coveredmethods="0" conditionals="0" coveredconditionals="0" statements="0" coveredstatements="0" elements="0" coveredelements="0"/>
    </file>
    <package name="Win\DesignPattern">
      <file name="/home/wanderson/www/wanderson/winphp/www/app/model/Win/DesignPattern/DependenceInjector.php">
        <class name="DependenceInjector" namespace="Win\DesignPattern">
          <metrics complexity="2" methods="1" coveredmethods="1" conditionals="0" coveredconditionals="0" statements="3" coveredstatements="3" elements="4" coveredelements="4"/>
        </class>
        <line num="26" type="method" name="getClassDi" visibility="public" complexity="2" crap="2" count="11"/>
        <line num="27" type="stmt" count="11"/>
        <line num="28" type="stmt" count="2"/>
        <line num="30" type="stmt" count="11"/>
        <metrics loc="33" ncloc="16" classes="1" methods="1" coveredmethods="1" conditionals="0" coveredconditionals="0" statements="3" coveredstatements="3" elements="4" coveredelements="4"/>
      </file>
      <file name="/home/wanderson/www/wanderson/winphp/www/app/model/Win/DesignPattern/Singleton.php">
        <class name="Singleton" namespace="Win\DesignPattern">
          <metrics complexity="4" methods="3" coveredmethods="3" conditionals="0" coveredconditionals="0" statements="8" coveredstatements="8" elements="11" coveredelements="11"/>
        </class>
        <line num="23" type="method" name="instance" visibility="public" complexity="2" crap="2" count="114"/>
        <line num="24" type="stmt" count="114"/>
        <line num="25" type="stmt" count="114"/>
        <line num="26" type="stmt" count="7"/>
        <line num="27" type="stmt" count="7"/>
        <line num="28" type="stmt" count="7"/>
        <line num="30" type="stmt" count="114"/>
        <line num="37" type="method" name="getClassDi" visibility="protected" complexity="1" crap="1" count="9"/>
        <line num="38" type="stmt" count="9"/>
        <line num="44" type="method" name="__construct" visibility="private" complexity="1" crap="1" count="7"/>
        <line num="46" type="stmt" count="7"/>
        <metrics loc="48" ncloc="26" classes="1" methods="3" coveredmethods="3" conditionals="0" coveredconditionals="0" statements="8" coveredstatements="8" elements="11" coveredelements="11"/>
      </file>
    </package>
    <package name="Win\File">
      <file name="/home/wanderson/www/wanderson/winphp/www/app/model/Win/File/Directory.php">
        <class name="Directory" namespace="Win\File">
          <metrics complexity="20" methods="12" coveredmethods="12" conditionals="0" coveredconditionals="0" statements="35" coveredstatements="35" elements="47" coveredelements="47"/>
        </class>
        <line num="18" type="method" name="__construct" visibility="public" complexity="1" crap="1" count="37"/>
        <line num="19" type="stmt" count="37"/>
        <line num="20" type="stmt" count="32"/>
        <line num="23" type="method" name="__toString" visibility="public" complexity="1" crap="1" count="1"/>
        <line num="24" type="stmt" count="1"/>
        <line num="31" type="method" name="setPath" visibility="protected" complexity="2" crap="2" count="37"/>
        <line num="32" type="stmt" count="37"/>
        <line num="33" type="stmt" count="5"/>
        <line num="35" type="stmt" count="32"/>
        <line num="36" type="stmt" count="32"/>
        <line num="39" type="method" name="getName" visibility="public" complexity="1" crap="1" count="5"/>
        <line num="40" type="stmt" count="5"/>
        <line num="44" type="method" name="toString" visibility="public" complexity="1" crap="1" count="1"/>
        <line num="45" type="stmt" count="1"/>
        <line num="49" type="method" name="exists" visibility="public" complexity="1" crap="1" count="24"/>
        <line num="50" type="stmt" count="24"/>
        <line num="57" type="method" name="delete" visibility="public" complexity="2" crap="2" count="5"/>
        <line num="58" type="stmt" count="5"/>
        <line num="59" type="stmt" count="5"/>
        <line num="60" type="stmt" count="4"/>
        <line num="61" type="stmt" count="4"/>
        <line num="63" type="stmt" count="5"/>
        <line num="69" type="method" name="clear" visibility="public" complexity="3" crap="3" count="4"/>
        <line num="70" type="stmt" count="4"/>
        <line num="71" type="stmt" count="2"/>
        <line num="72" type="stmt" count="2"/>
        <line num="73" type="stmt" count="2"/>
        <line num="75" type="stmt" count="2"/>
        <line num="78" type="stmt" count="4"/>
        <line num="86" type="method" name="create" visibility="public" complexity="3" crap="3" count="23"/>
        <line num="87" type="stmt" count="23"/>
        <line num="88" type="stmt" count="9"/>
        <line num="89" type="stmt" count="1"/>
        <line num="91" type="stmt" count="9"/>
        <line num="93" type="stmt" count="23"/>
        <line num="97" type="method" name="isEmpty" visibility="public" complexity="1" crap="1" count="1"/>
        <line num="98" type="stmt" count="1"/>
        <line num="105" type="method" name="getItemsName" visibility="public" complexity="1" crap="1" count="6"/>
        <line num="106" type="stmt" count="6"/>
        <line num="113" type="method" name="getItems" visibility="public" complexity="3" crap="3" count="1"/>
        <line num="114" type="stmt" count="1"/>
        <line num="115" type="stmt" count="1"/>
        <line num="116" type="stmt" count="1"/>
        <line num="117" type="stmt" count="1"/>
        <line num="118" type="stmt" count="1"/>
        <line num="120" type="stmt" count="1"/>
        <line num="123" type="stmt" count="1"/>
        <metrics loc="126" ncloc="88" classes="1" methods="12" coveredmethods="12" conditionals="0" coveredconditionals="0" statements="35" coveredstatements="35" elements="47" coveredelements="47"/>
      </file>
      <file name="/home/wanderson/www/wanderson/winphp/www/app/model/Win/File/DirectoryItem.php">
        <class name="DirectoryItem" namespace="Win\File">
          <metrics complexity="13" methods="11" coveredmethods="11" conditionals="0" coveredconditionals="0" statements="26" coveredstatements="26" elements="37" coveredelements="37"/>
        </class>
        <line num="23" type="method" name="__toString" visibility="public" complexity="1" crap="1" count="1"/>
        <line num="24" type="stmt" count="1"/>
        <line num="28" type="method" name="getPath" visibility="public" complexity="1" crap="1" count="26"/>
        <line num="29" type="stmt" count="26"/>
        <line num="33" type="method" name="getAbsolutePath" visibility="public" complexity="1" crap="1" count="48"/>
        <line num="34" type="stmt" count="48"/>
        <line num="41" type="method" name="getDirectory" visibility="public" complexity="2" crap="2" count="19"/>
        <line num="42" type="stmt" count="19"/>
        <line num="43" type="stmt" count="19"/>
        <line num="45" type="stmt" count="19"/>
        <line num="49" type="method" name="setPath" visibility="protected" complexity="1" crap="1" count="56"/>
        <line num="50" type="stmt" count="56"/>
        <line num="51" type="stmt" count="56"/>
        <line num="53" type="method" name="setDirectory" visibility="protected" complexity="1" crap="1" count="4"/>
        <line num="54" type="stmt" count="4"/>
        <line num="55" type="stmt" count="4"/>
        <line num="56" type="stmt" count="4"/>
        <line num="57" type="stmt" count="4"/>
        <line num="60" type="method" name="setName" visibility="protected" complexity="1" crap="1" count="5"/>
        <line num="61" type="stmt" count="5"/>
        <line num="62" type="stmt" count="5"/>
        <line num="63" type="stmt" count="5"/>
        <line num="70" type="method" name="rename" visibility="public" complexity="1" crap="1" count="5"/>
        <line num="71" type="stmt" count="5"/>
        <line num="72" type="stmt" count="5"/>
        <line num="73" type="stmt" count="5"/>
        <line num="81" type="method" name="move" visibility="public" complexity="2" crap="2" count="4"/>
        <line num="82" type="stmt" count="4"/>
        <line num="83" type="stmt" count="4"/>
        <line num="84" type="stmt" count="4"/>
        <line num="85" type="stmt" count="2"/>
        <line num="87" type="stmt" count="4"/>
        <line num="95" type="method" name="setChmod" visibility="public" complexity="1" crap="1" count="10"/>
        <line num="96" type="stmt" count="10"/>
        <line num="100" type="method" name="getChmod" visibility="public" complexity="1" crap="1" count="3"/>
        <line num="101" type="stmt" count="3"/>
        <line num="102" type="stmt" count="3"/>
        <metrics loc="105" ncloc="74" classes="1" methods="11" coveredmethods="11" conditionals="0" coveredconditionals="0" statements="26" coveredstatements="26" elements="37" coveredelements="37"/>
      </file>
      <file name="/home/wanderson/www/wanderson/winphp/www/app/model/Win/File/File.php">
        <class name="File" namespace="Win\File">
          <metrics complexity="21" methods="13" coveredmethods="13" conditionals="0" coveredconditionals="0" statements="33" coveredstatements="33" elements="46" coveredelements="46"/>
        </class>
        <line num="20" type="method" name="__construct" visibility="public" complexity="1" crap="1" count="46"/>
        <line num="21" type="stmt" count="46"/>
        <line num="22" type="stmt" count="42"/>
        <line num="25" type="method" name="getName" visibility="public" complexity="1" crap="1" count="19"/>
        <line num="26" type="stmt" count="19"/>
        <line num="30" type="method" name="getExtension" visibility="public" complexity="1" crap="1" count="13"/>
        <line num="31" type="stmt" count="13"/>
        <line num="35" type="method" name="getExtensionDot" visibility="public" complexity="2" crap="2" count="11"/>
        <line num="36" type="stmt" count="11"/>
        <line num="40" type="method" name="getType" visibility="public" complexity="1" crap="1" count="1"/>
        <line num="41" type="stmt" count="1"/>
        <line num="45" type="method" name="getSize" visibility="public" complexity="2" crap="2" count="4"/>
        <line num="46" type="stmt" count="4"/>
        <line num="47" type="stmt" count="2"/>
        <line num="49" type="stmt" count="2"/>
        <line num="51" type="stmt" count="4"/>
        <line num="55" type="method" name="toString" visibility="public" complexity="1" crap="1" count="6"/>
        <line num="56" type="stmt" count="6"/>
        <line num="60" type="method" name="exists" visibility="public" complexity="1" crap="1" count="21"/>
        <line num="61" type="stmt" count="21"/>
        <line num="68" type="method" name="setPath" visibility="protected" complexity="2" crap="2" count="46"/>
        <line num="69" type="stmt" count="46"/>
        <line num="70" type="stmt" count="4"/>
        <line num="72" type="stmt" count="42"/>
        <line num="73" type="stmt" count="42"/>
        <line num="79" type="method" name="delete" visibility="public" complexity="1" crap="1" count="7"/>
        <line num="80" type="stmt" count="7"/>
        <line num="89" type="method" name="write" visibility="public" complexity="3" crap="3" count="16"/>
        <line num="90" type="stmt" count="16"/>
        <line num="91" type="stmt" count="16"/>
        <line num="92" type="stmt" count="16"/>
        <line num="93" type="stmt" count="16"/>
        <line num="94" type="stmt" count="16"/>
        <line num="95" type="stmt" count="16"/>
        <line num="96" type="stmt" count="16"/>
        <line num="99" type="stmt" count="16"/>
        <line num="106" type="method" name="read" visibility="public" complexity="2" crap="2" count="5"/>
        <line num="107" type="stmt" count="5"/>
        <line num="108" type="stmt" count="5"/>
        <line num="109" type="stmt" count="4"/>
        <line num="111" type="stmt" count="5"/>
        <line num="120" type="method" name="rename" visibility="public" complexity="3" crap="3" count="6"/>
        <line num="121" type="stmt" count="6"/>
        <line num="122" type="stmt" count="6"/>
        <line num="123" type="stmt" count="2"/>
        <line num="125" type="stmt" count="4"/>
        <metrics loc="128" ncloc="88" classes="1" methods="13" coveredmethods="13" conditionals="0" coveredconditionals="0" statements="33" coveredstatements="33" elements="46" coveredelements="46"/>
      </file>
      <file name="/home/wanderson/www/wanderson/winphp/www/app/model/Win/File/Image.php">
        <class name="Image" namespace="Win\File">
          <metrics complexity="4" methods="3" coveredmethods="3" conditionals="0" coveredconditionals="0" statements="6" coveredstatements="6" elements="9" coveredelements="9"/>
        </class>
        <line num="20" type="method" name="getWidth" visibility="public" complexity="1" crap="1" count="1"/>
        <line num="21" type="stmt" count="1"/>
        <line num="28" type="method" name="getHeight" visibility="public" complexity="1" crap="1" count="1"/>
        <line num="29" type="stmt" count="1"/>
        <line num="36" type="method" name="getImageSize" visibility="protected" complexity="2" crap="2" count="2"/>
        <line num="37" type="stmt" count="2"/>
        <line num="38" type="stmt" count="2"/>
        <line num="39" type="stmt" count="2"/>
        <line num="41" type="stmt" count="2"/>
        <metrics loc="44" ncloc="28" classes="1" methods="3" coveredmethods="3" conditionals="0" coveredconditionals="0" statements="6" coveredstatements="6" elements="9" coveredelements="9"/>
      </file>
      <file name="/home/wanderson/www/wanderson/winphp/www/app/model/Win/File/Str.php">
        <class name="Str" namespace="Win\File">
          <metrics complexity="1" methods="1" coveredmethods="1" conditionals="0" coveredconditionals="0" statements="1" coveredstatements="1" elements="2" coveredelements="2"/>
        </class>
        <line num="12" type="method" name="toValidName" visibility="public" complexity="1" crap="1" count="1"/>
        <line num="13" type="stmt" count="1"/>
        <metrics loc="16" ncloc="11" classes="1" methods="1" coveredmethods="1" conditionals="0" coveredconditionals="0" statements="1" coveredstatements="1" elements="2" coveredelements="2"/>
      </file>
      <file name="/home/wanderson/www/wanderson/winphp/www/app/model/Win/File/Uploader.php">
        <class name="Uploader" namespace="Win\File">
          <metrics complexity="9" methods="4" coveredmethods="4" conditionals="0" coveredconditionals="0" statements="18" coveredstatements="18" elements="22" coveredelements="22"/>
        </class>
        <line num="19" type="method" name="__construct" visibility="public" complexity="1" crap="1" count="6"/>
        <line num="20" type="stmt" count="6"/>
        <line num="21" type="stmt" count="6"/>
        <line num="24" type="method" name="getFile" visibility="public" complexity="1" crap="1" count="3"/>
        <line num="25" type="stmt" count="3"/>
        <line num="28" type="method" name="prepare" visibility="public" complexity="3" crap="3" count="6"/>
        <line num="29" type="stmt" count="6"/>
        <line num="30" type="stmt" count="6"/>
        <line num="31" type="stmt" count="6"/>
        <line num="32" type="stmt" count="3"/>
        <line num="33" type="stmt" count="3"/>
        <line num="35" type="stmt" count="6"/>
        <line num="38" type="method" name="upload" visibility="public" complexity="4" crap="4" count="3"/>
        <line num="39" type="stmt" count="3"/>
        <line num="40" type="stmt" count="3"/>
        <line num="41" type="stmt" count="3"/>
        <line num="42" type="stmt" count="2"/>
        <line num="43" type="stmt" count="2"/>
        <line num="44" type="stmt" count="2"/>
        <line num="45" type="stmt" count="2"/>
        <line num="46" type="stmt" count="1"/>
        <line num="49" type="stmt" count="3"/>
        <metrics loc="52" ncloc="45" classes="1" methods="4" coveredmethods="4" conditionals="0" coveredconditionals="0" statements="18" coveredstatements="18" elements="22" coveredelements="22"/>
      </file>
    </package>
    <file name="/home/wanderson/www/wanderson/winphp/www/app/model/Win/File/DirectoryItemInterface.php">
      <metrics loc="56" ncloc="32" classes="0" methods="0" coveredmethods="0" conditionals="0" coveredconditionals="0" statements="0" coveredstatements="0" elements="0" coveredelements="0"/>
    </file>
    <file name="/home/wanderson/www/wanderson/winphp/www/app/model/Win/Format/Str.php">
      <class name="Str" namespace="global">
        <metrics complexity="0" methods="0" coveredmethods="0" conditionals="0" coveredconditionals="0" statements="0" coveredstatements="0" elements="0" coveredelements="0"/>
      </class>
      <metrics loc="10" ncloc="5" classes="0" methods="0" coveredmethods="0" conditionals="0" coveredconditionals="0" statements="0" coveredstatements="0" elements="0" coveredelements="0"/>
    </file>
    <package name="Win\Html\Form">
      <file name="/home/wanderson/www/wanderson/winphp/www/app/model/Win/Html/Form/Checkbox.php">
        <class name="Checkbox" namespace="Win\Html\Form">
          <metrics complexity="2" methods="1" coveredmethods="1" conditionals="0" coveredconditionals="0" statements="1" coveredstatements="1" elements="2" coveredelements="2"/>
        </class>
        <line num="19" type="method" name="active" visibility="public" complexity="2" crap="2" count="3"/>
        <line num="20" type="stmt" count="3"/>
        <metrics loc="23" ncloc="12" classes="1" methods="1" coveredmethods="1" conditionals="0" coveredconditionals="0" statements="1" coveredstatements="1" elements="2" coveredelements="2"/>
      </file>
      <file name="/home/wanderson/www/wanderson/winphp/www/app/model/Win/Html/Form/ReCaptcha.php">
        <class name="ReCaptcha" namespace="Win\Html\Form">
          <metrics complexity="3" methods="1" coveredmethods="1" conditionals="0" coveredconditionals="0" statements="5" coveredstatements="5" elements="6" coveredelements="6"/>
        </class>
        <line num="20" type="method" name="isValid" visibility="public" complexity="3" crap="3" count="2"/>
        <line num="21" type="stmt" count="2"/>
        <line num="22" type="stmt" count="1"/>
        <line num="23" type="stmt" count="1"/>
        <line num="24" type="stmt" count="1"/>
        <line num="26" type="stmt" count="1"/>
        <metrics loc="30" ncloc="22" classes="1" methods="1" coveredmethods="1" conditionals="0" coveredconditionals="0" statements="5" coveredstatements="5" elements="6" coveredelements="6"/>
      </file>
      <file name="/home/wanderson/www/wanderson/winphp/www/app/model/Win/Html/Form/Select.php">
        <class name="Select" namespace="Win\Html\Form">
          <metrics complexity="5" methods="3" coveredmethods="3" conditionals="0" coveredconditionals="0" statements="8" coveredstatements="8" elements="11" coveredelements="11"/>
        </class>
        <line num="22" type="method" name="active" visibility="public" complexity="2" crap="2" count="4"/>
        <line num="23" type="stmt" count="4"/>
        <line num="31" type="method" name="__construct" visibility="public" complexity="1" crap="1" count="2"/>
        <line num="32" type="stmt" count="2"/>
        <line num="33" type="stmt" count="2"/>
        <line num="34" type="stmt" count="2"/>
        <line num="40" type="method" name="__toString" visibility="public" complexity="2" crap="2" count="2"/>
        <line num="41" type="stmt" count="2"/>
        <line num="42" type="stmt" count="2"/>
        <line num="43" type="stmt" count="2"/>
        <line num="45" type="stmt" count="2"/>
        <metrics loc="48" ncloc="28" classes="1" methods="3" coveredmethods="3" conditionals="0" coveredconditionals="0" statements="8" coveredstatements="8" elements="11" coveredelements="11"/>
      </file>
    </package>
    <package name="Win\Html\Navigation">
      <file name="/home/wanderson/www/wanderson/winphp/www/app/model/Win/Html/Navigation/Menu.php">
        <class name="Menu" namespace="Win\Html\Navigation">
          <metrics complexity="7" methods="2" coveredmethods="2" conditionals="0" coveredconditionals="0" statements="10" coveredstatements="10" elements="12" coveredelements="12"/>
        </class>
        <line num="22" type="method" name="active" visibility="public" complexity="4" crap="4" count="4"/>
        <line num="23" type="stmt" count="4"/>
        <line num="24" type="stmt" count="1"/>
        <line num="26" type="stmt" count="4"/>
        <line num="27" type="stmt" count="4"/>
        <line num="28" type="stmt" count="4"/>
        <line num="30" type="stmt" count="3"/>
        <line num="38" type="method" name="multiActive" visibility="public" complexity="3" crap="3" count="1"/>
        <line num="39" type="stmt" count="1"/>
        <line num="40" type="stmt" count="1"/>
        <line num="41" type="stmt" count="1"/>
        <line num="44" type="stmt" count="1"/>
        <metrics loc="47" ncloc="30" classes="1" methods="2" coveredmethods="2" conditionals="0" coveredconditionals="0" statements="10" coveredstatements="10" elements="12" coveredelements="12"/>
      </file>
    </package>
    <package name="Win\Html\Seo">
      <file name="/home/wanderson/www/wanderson/winphp/www/app/model/Win/Html/Seo/Description.php">
        <class name="Description" namespace="Win\Html\Seo">
          <metrics complexity="2" methods="1" coveredmethods="1" conditionals="0" coveredconditionals="0" statements="3" coveredstatements="3" elements="4" coveredelements="4"/>
        </class>
        <line num="18" type="method" name="otimize" visibility="public" complexity="2" crap="2" count="2"/>
        <line num="19" type="stmt" count="2"/>
        <line num="20" type="stmt" count="1"/>
        <line num="22" type="stmt" count="1"/>
        <metrics loc="26" ncloc="18" classes="1" methods="1" coveredmethods="1" conditionals="0" coveredconditionals="0" statements="3" coveredstatements="3" elements="4" coveredelements="4"/>
      </file>
      <file name="/home/wanderson/www/wanderson/winphp/www/app/model/Win/Html/Seo/Keywords.php">
        <class name="Keywords" namespace="Win\Html\Seo">
          <metrics complexity="2" methods="1" coveredmethods="1" conditionals="0" coveredconditionals="0" statements="3" coveredstatements="3" elements="4" coveredelements="4"/>
        </class>
        <line num="20" type="method" name="toKeys" visibility="public" complexity="2" crap="2" count="2"/>
        <line num="21" type="stmt" count="2"/>
        <line num="22" type="stmt" count="2"/>
        <line num="24" type="stmt" count="2"/>
        <metrics loc="27" ncloc="18" classes="1" methods="1" coveredmethods="1" conditionals="0" coveredconditionals="0" statements="3" coveredstatements="3" elements="4" coveredelements="4"/>
      </file>
      <file name="/home/wanderson/www/wanderson/winphp/www/app/model/Win/Html/Seo/Title.php">
        <class name="Title" namespace="Win\Html\Seo">
          <metrics complexity="2" methods="2" coveredmethods="2" conditionals="0" coveredconditionals="0" statements="4" coveredstatements="4" elements="6" coveredelements="6"/>
        </class>
        <line num="22" type="method" name="otimize" visibility="public" complexity="1" crap="1" count="26"/>
        <line num="23" type="stmt" count="26"/>
        <line num="24" type="stmt" count="26"/>
        <line num="31" type="method" name="setTitle" visibility="public" complexity="1" crap="1" count="1"/>
        <line num="32" type="stmt" count="1"/>
        <line num="33" type="stmt" count="1"/>
        <metrics loc="35" ncloc="22" classes="1" methods="2" coveredmethods="2" conditionals="0" coveredconditionals="0" statements="4" coveredstatements="4" elements="6" coveredelements="6"/>
      </file>
    </package>
    <package name="Win\Mailer">
      <file name="/home/wanderson/www/wanderson/winphp/www/app/model/Win/Mailer/Email.php">
        <class name="Email" namespace="Win\Mailer">
          <metrics complexity="21" methods="18" coveredmethods="18" conditionals="0" coveredconditionals="0" statements="44" coveredstatements="44" elements="62" coveredelements="62"/>
        </class>
        <line num="33" type="method" name="__construct" visibility="public" complexity="1" crap="1" count="14"/>
        <line num="34" type="stmt" count="14"/>
        <line num="36" type="stmt" count="14"/>
        <line num="37" type="stmt" count="14"/>
        <line num="38" type="stmt" count="14"/>
        <line num="39" type="stmt" count="14"/>
        <line num="40" type="stmt" count="14"/>
        <line num="41" type="stmt" count="14"/>
        <line num="48" type="method" name="addAddress" visibility="public" complexity="1" crap="1" count="2"/>
        <line num="49" type="stmt" count="2"/>
        <line num="50" type="stmt" count="2"/>
        <line num="57" type="method" name="addReplyTo" visibility="public" complexity="1" crap="1" count="1"/>
        <line num="58" type="stmt" count="1"/>
        <line num="59" type="stmt" count="1"/>
        <line num="66" type="method" name="setFrom" visibility="public" complexity="1" crap="1" count="2"/>
        <line num="67" type="stmt" count="2"/>
        <line num="68" type="stmt" count="2"/>
        <line num="69" type="stmt" count="2"/>
        <line num="76" type="method" name="setLayout" visibility="public" complexity="1" crap="1" count="14"/>
        <line num="77" type="stmt" count="14"/>
        <line num="78" type="stmt" count="14"/>
        <line num="79" type="stmt" count="14"/>
        <line num="82" type="method" name="__toString" visibility="public" complexity="1" crap="1" count="4"/>
        <line num="83" type="stmt" count="4"/>
        <line num="91" type="method" name="setContent" visibility="public" complexity="1" crap="1" count="6"/>
        <line num="92" type="stmt" count="6"/>
        <line num="93" type="stmt" count="6"/>
        <line num="99" type="method" name="setSubject" visibility="public" complexity="1" crap="1" count="1"/>
        <line num="100" type="stmt" count="1"/>
        <line num="101" type="stmt" count="1"/>
        <line num="107" type="method" name="setLanguage" visibility="public" complexity="1" crap="1" count="1"/>
        <line num="108" type="stmt" count="1"/>
        <line num="109" type="stmt" count="1"/>
        <line num="115" type="method" name="getFrom" visibility="public" complexity="1" crap="1" count="2"/>
        <line num="116" type="stmt" count="2"/>
        <line num="123" type="method" name="getFromName" visibility="public" complexity="1" crap="1" count="1"/>
        <line num="124" type="stmt" count="1"/>
        <line num="128" type="method" name="getAdresses" visibility="public" complexity="1" crap="1" count="1"/>
        <line num="129" type="stmt" count="1"/>
        <line num="133" type="method" name="getReplyToAddresses" visibility="public" complexity="1" crap="1" count="1"/>
        <line num="134" type="stmt" count="1"/>
        <line num="141" type="method" name="getContent" visibility="public" complexity="1" crap="1" count="7"/>
        <line num="142" type="stmt" count="7"/>
        <line num="149" type="method" name="getSubject" visibility="public" complexity="1" crap="1" count="1"/>
        <line num="150" type="stmt" count="1"/>
        <line num="157" type="method" name="getError" visibility="public" complexity="1" crap="1" count="2"/>
        <line num="158" type="stmt" count="2"/>
        <line num="166" type="method" name="send" visibility="public" complexity="4" crap="4" count="2"/>
        <line num="167" type="stmt" count="2"/>
        <line num="168" type="stmt" count="2"/>
        <line num="169" type="stmt" count="1"/>
        <line num="170" type="stmt" count="1"/>
        <line num="171" type="stmt" count="1"/>
        <line num="172" type="stmt" count="1"/>
        <line num="173" type="stmt" count="1"/>
        <line num="174" type="stmt" count="1"/>
        <line num="177" type="stmt" count="1"/>
        <line num="179" type="stmt" count="2"/>
        <line num="186" type="method" name="saveOnDisk" visibility="private" complexity="1" crap="1" count="1"/>
        <line num="187" type="stmt" count="1"/>
        <line num="188" type="stmt" count="1"/>
        <line num="189" type="stmt" count="1"/>
        <metrics loc="192" ncloc="115" classes="1" methods="18" coveredmethods="18" conditionals="0" coveredconditionals="0" statements="44" coveredstatements="44" elements="62" coveredelements="62"/>
      </file>
    </package>
    <package name="Win\Mvc">
      <file name="/home/wanderson/www/wanderson/winphp/www/app/model/Win/Mvc/Application.php">
        <class name="Application" namespace="Win\Mvc">
          <metrics complexity="18" methods="16" coveredmethods="16" conditionals="0" coveredconditionals="0" statements="37" coveredstatements="37" elements="53" coveredelements="53"/>
        </class>
        <line num="35" type="method" name="__construct" visibility="public" complexity="2" crap="2" count="41"/>
        <line num="36" type="stmt" count="41"/>
        <line num="37" type="stmt" count="41"/>
        <line num="38" type="stmt" count="41"/>
        <line num="40" type="stmt" count="41"/>
        <line num="41" type="stmt" count="41"/>
        <line num="43" type="stmt" count="41"/>
        <line num="44" type="stmt" count="41"/>
        <line num="45" type="stmt" count="1"/>
        <line num="46" type="stmt" count="1"/>
        <line num="49" type="stmt" count="41"/>
        <line num="50" type="stmt" count="41"/>
        <line num="52" type="stmt" count="41"/>
        <line num="53" type="stmt" count="41"/>
        <line num="59" type="method" name="app" visibility="public" complexity="1" crap="1" count="102"/>
        <line num="60" type="stmt" count="102"/>
        <line num="67" type="method" name="run" visibility="public" complexity="1" crap="1" count="1"/>
        <line num="68" type="stmt" count="1"/>
        <line num="69" type="stmt" count="1"/>
        <line num="70" type="stmt" count="1"/>
        <line num="71" type="stmt" count="1"/>
        <line num="72" type="stmt" count="1"/>
        <line num="75" type="method" name="getName" visibility="public" complexity="1" crap="1" count="2"/>
        <line num="76" type="stmt" count="2"/>
        <line num="80" type="method" name="getFullUrl" visibility="public" complexity="1" crap="1" count="2"/>
        <line num="81" type="stmt" count="2"/>
        <line num="85" type="method" name="getBaseUrl" visibility="public" complexity="1" crap="1" count="1"/>
        <line num="86" type="stmt" count="1"/>
        <line num="93" type="method" name="getUrl" visibility="public" complexity="1" crap="1" count="2"/>
        <line num="94" type="stmt" count="2"/>
        <line num="101" type="method" name="getPage" visibility="public" complexity="1" crap="1" count="23"/>
        <line num="102" type="stmt" count="23"/>
        <line num="106" type="method" name="setPage" visibility="public" complexity="1" crap="1" count="44"/>
        <line num="107" type="stmt" count="44"/>
        <line num="108" type="stmt" count="44"/>
        <line num="114" type="method" name="isHomePage" visibility="public" complexity="1" crap="1" count="2"/>
        <line num="115" type="stmt" count="2"/>
        <line num="122" type="method" name="isErrorPage" visibility="public" complexity="1" crap="1" count="12"/>
        <line num="123" type="stmt" count="12"/>
        <line num="130" type="method" name="getParamList" visibility="protected" complexity="1" crap="1" count="2"/>
        <line num="131" type="stmt" count="2"/>
        <line num="139" type="method" name="setParamList" visibility="private" complexity="1" crap="1" count="41"/>
        <line num="140" type="stmt" count="41"/>
        <line num="141" type="stmt" count="41"/>
        <line num="142" type="stmt" count="41"/>
        <line num="149" type="method" name="getParam" visibility="public" complexity="2" crap="2" count="53"/>
        <line num="150" type="stmt" count="53"/>
        <line num="154" type="method" name="pageNotFound" visibility="public" complexity="1" crap="1" count="14"/>
        <line num="155" type="stmt" count="14"/>
        <line num="156" type="stmt" count="14"/>
        <line num="162" type="method" name="errorPage" visibility="public" complexity="1" crap="1" count="15"/>
        <line num="163" type="stmt" count="15"/>
        <line num="164" type="stmt" count="15"/>
        <metrics loc="166" ncloc="105" classes="1" methods="16" coveredmethods="16" conditionals="0" coveredconditionals="0" statements="37" coveredstatements="37" elements="53" coveredelements="53"/>
      </file>
      <file name="/home/wanderson/www/wanderson/winphp/www/app/model/Win/Mvc/Block.php">
        <class name="Block" namespace="Win\Mvc">
          <metrics complexity="0" methods="0" coveredmethods="0" conditionals="0" coveredconditionals="0" statements="0" coveredstatements="0" elements="0" coveredelements="0"/>
        </class>
        <metrics loc="14" ncloc="9" classes="0" methods="0" coveredmethods="0" conditionals="0" coveredconditionals="0" statements="0" coveredstatements="0" elements="0" coveredelements="0"/>
      </file>
      <file name="/home/wanderson/www/wanderson/winphp/www/app/model/Win/Mvc/Controller.php">
        <class name="Controller" namespace="Win\Mvc">
          <metrics complexity="22" methods="12" coveredmethods="12" conditionals="0" coveredconditionals="0" statements="39" coveredstatements="39" elements="51" coveredelements="51"/>
        </class>
        <line num="38" type="method" name="__construct" visibility="public" complexity="1" crap="1" count="56"/>
        <line num="39" type="stmt" count="56"/>
        <line num="40" type="stmt" count="56"/>
        <line num="41" type="stmt" count="56"/>
        <line num="44" type="method" name="setTitle" visibility="public" complexity="1" crap="1" count="23"/>
        <line num="45" type="stmt" count="23"/>
        <line num="46" type="stmt" count="23"/>
        <line num="53" type="method" name="addData" visibility="public" complexity="1" crap="1" count="25"/>
        <line num="54" type="stmt" count="25"/>
        <line num="55" type="stmt" count="25"/>
        <line num="62" type="method" name="getData" visibility="public" complexity="2" crap="2" count="8"/>
        <line num="63" type="stmt" count="8"/>
        <line num="64" type="stmt" count="7"/>
        <line num="66" type="stmt" count="3"/>
        <line num="73" type="method" name="setAction" visibility="private" complexity="2" crap="2" count="56"/>
        <line num="74" type="stmt" count="56"/>
        <line num="75" type="stmt" count="44"/>
        <line num="77" type="stmt" count="56"/>
        <line num="78" type="stmt" count="56"/>
        <line num="85" type="method" name="toCamelCase" visibility="private" complexity="2" crap="2" count="56"/>
        <line num="86" type="stmt" count="56"/>
        <line num="87" type="stmt" count="27"/>
        <line num="88" type="stmt" count="27"/>
        <line num="89" type="stmt" count="27"/>
        <line num="91" type="stmt" count="56"/>
        <line num="95" type="method" name="getAction" visibility="public" complexity="1" crap="1" count="4"/>
        <line num="96" type="stmt" count="4"/>
        <line num="103" type="method" name="load" visibility="public" complexity="4" crap="4" count="11"/>
        <line num="104" type="stmt" count="11"/>
        <line num="105" type="stmt" count="11"/>
        <line num="106" type="stmt" count="11"/>
        <line num="107" type="stmt" count="11"/>
        <line num="108" type="stmt" count="1"/>
        <line num="111" type="stmt" count="11"/>
        <line num="112" type="stmt" count="6"/>
        <line num="113" type="stmt" count="6"/>
        <line num="115" type="stmt" count="11"/>
        <line num="117" type="method" name="reload" visibility="public" complexity="1" crap="1" count="22"/>
        <line num="118" type="stmt" count="22"/>
        <line num="119" type="stmt" count="22"/>
        <line num="120" type="stmt" count="22"/>
        <line num="121" type="stmt" count="22"/>
        <line num="147" type="method" name="redirect" visibility="public" complexity="1" crap="1" count="1"/>
        <line num="148" type="stmt" count="1"/>
        <line num="149" type="stmt" count="1"/>
        <line num="155" type="method" name="refresh" visibility="public" complexity="1" crap="1" count="1"/>
        <line num="156" type="stmt" count="1"/>
        <line num="157" type="stmt" count="1"/>
        <line num="165" type="method" name="__call" visibility="public" complexity="1" crap="1" count="4"/>
        <line num="166" type="stmt" count="4"/>
        <line num="167" type="stmt" count="4"/>
        <metrics loc="169" ncloc="101" classes="1" methods="12" coveredmethods="12" conditionals="0" coveredconditionals="0" statements="39" coveredstatements="39" elements="51" coveredelements="51"/>
      </file>
      <file name="/home/wanderson/www/wanderson/winphp/www/app/model/Win/Mvc/ControllerFactory.php">
        <class name="ControllerFactory" namespace="Win\Mvc">
          <metrics complexity="3" methods="2" coveredmethods="2" conditionals="0" coveredconditionals="0" statements="5" coveredstatements="5" elements="7" coveredelements="7"/>
        </class>
        <line num="20" type="method" name="create" visibility="public" complexity="2" crap="2" count="50"/>
        <line num="21" type="stmt" count="50"/>
        <line num="22" type="stmt" count="50"/>
        <line num="23" type="stmt" count="24"/>
        <line num="25" type="stmt" count="37"/>
        <line num="32" type="method" name="getControllerClass" visibility="protected" complexity="1" crap="1" count="50"/>
        <line num="33" type="stmt" count="50"/>
        <metrics loc="36" ncloc="21" classes="1" methods="2" coveredmethods="2" conditionals="0" coveredconditionals="0" statements="5" coveredstatements="5" elements="7" coveredelements="7"/>
      </file>
      <file name="/home/wanderson/www/wanderson/winphp/www/app/model/Win/Mvc/DefaultController.php">
        <class name="DefaultController" namespace="Win\Mvc">
          <metrics complexity="3" methods="3" coveredmethods="3" conditionals="0" coveredconditionals="0" statements="3" coveredstatements="3" elements="6" coveredelements="6"/>
        </class>
        <line num="12" type="method" name="index" visibility="public" complexity="1" crap="1" count="22"/>
        <line num="14" type="stmt" count="22"/>
        <line num="16" type="method" name="init" visibility="protected" complexity="1" crap="1" count="22"/>
        <line num="18" type="stmt" count="22"/>
        <line num="20" type="method" name="__call" visibility="public" complexity="1" crap="1" count="4"/>
        <line num="21" type="stmt" count="4"/>
        <metrics loc="24" ncloc="19" classes="1" methods="3" coveredmethods="3" conditionals="0" coveredconditionals="0" statements="3" coveredstatements="3" elements="6" coveredelements="6"/>
      </file>
      <file name="/home/wanderson/www/wanderson/winphp/www/app/model/Win/Mvc/ErrorPage.php">
        <class name="ErrorPage" namespace="Win\Mvc">
          <metrics complexity="8" methods="3" coveredmethods="3" conditionals="0" coveredconditionals="0" statements="14" coveredstatements="14" elements="17" coveredelements="17"/>
        </class>
        <line num="28" type="method" name="validate" visibility="public" complexity="2" crap="2" count="41"/>
        <line num="29" type="stmt" count="41"/>
        <line num="30" type="stmt" count="7"/>
        <line num="32" type="stmt" count="41"/>
        <line num="38" type="method" name="setError" visibility="public" complexity="2" crap="2" count="22"/>
        <line num="39" type="stmt" count="22"/>
        <line num="40" type="stmt" count="22"/>
        <line num="41" type="stmt" count="22"/>
        <line num="42" type="stmt" count="22"/>
        <line num="43" type="stmt" count="22"/>
        <line num="45" type="stmt" count="22"/>
        <line num="46" type="stmt" count="22"/>
        <line num="47" type="stmt" count="22"/>
        <line num="48" type="stmt" count="22"/>
        <line num="50" type="stmt" count="22"/>
        <line num="66" type="method" name="isErrorPage" visibility="public" complexity="1" crap="1" count="15"/>
        <line num="67" type="stmt" count="15"/>
        <metrics loc="70" ncloc="49" classes="1" methods="3" coveredmethods="3" conditionals="0" coveredconditionals="0" statements="14" coveredstatements="14" elements="17" coveredelements="17"/>
      </file>
      <file name="/home/wanderson/www/wanderson/winphp/www/app/model/Win/Mvc/Layout.php">
        <class name="Layout" namespace="Win\Mvc">
          <metrics complexity="0" methods="0" coveredmethods="0" conditionals="0" coveredconditionals="0" statements="0" coveredstatements="0" elements="0" coveredelements="0"/>
        </class>
        <metrics loc="18" ncloc="9" classes="0" methods="0" coveredmethods="0" conditionals="0" coveredconditionals="0" statements="0" coveredstatements="0" elements="0" coveredelements="0"/>
      </file>
      <file name="/home/wanderson/www/wanderson/winphp/www/app/model/Win/Mvc/Router.php">
        <class name="Router" namespace="Win\Mvc">
          <metrics complexity="10" methods="6" coveredmethods="6" conditionals="0" coveredconditionals="0" statements="17" coveredstatements="17" elements="23" coveredelements="23"/>
        </class>
        <line num="32" type="method" name="getCustomUrl" visibility="public" complexity="1" crap="1" count="3"/>
        <line num="33" type="stmt" count="3"/>
        <line num="40" type="method" name="hasCustomUrl" visibility="public" complexity="1" crap="1" count="46"/>
        <line num="41" type="stmt" count="46"/>
        <line num="49" type="method" name="run" visibility="public" complexity="1" crap="1" count="46"/>
        <line num="50" type="stmt" count="46"/>
        <line num="51" type="stmt" count="46"/>
        <line num="58" type="method" name="load" visibility="public" complexity="3" crap="3" count="46"/>
        <line num="59" type="stmt" count="46"/>
        <line num="60" type="stmt" count="46"/>
        <line num="61" type="stmt" count="43"/>
        <line num="63" type="stmt" count="46"/>
        <line num="69" type="method" name="createCustomUrl" visibility="protected" complexity="3" crap="3" count="46"/>
        <line num="70" type="stmt" count="46"/>
        <line num="71" type="stmt" count="46"/>
        <line num="72" type="stmt" count="46"/>
        <line num="73" type="stmt" count="45"/>
        <line num="74" type="stmt" count="45"/>
        <line num="75" type="stmt" count="3"/>
        <line num="76" type="stmt" count="45"/>
        <line num="79" type="stmt" count="43"/>
        <line num="86" type="method" name="createController" visibility="public" complexity="1" crap="1" count="7"/>
        <line num="87" type="stmt" count="7"/>
        <metrics loc="90" ncloc="54" classes="1" methods="6" coveredmethods="6" conditionals="0" coveredconditionals="0" statements="17" coveredstatements="17" elements="23" coveredelements="23"/>
      </file>
      <file name="/home/wanderson/www/wanderson/winphp/www/app/model/Win/Mvc/Template.php">
        <class name="Template" namespace="Win\Mvc">
          <metrics complexity="4" methods="3" coveredmethods="3" conditionals="0" coveredconditionals="0" statements="8" coveredstatements="8" elements="11" coveredelements="11"/>
        </class>
        <line num="35" type="method" name="setTheme" visibility="public" complexity="1" crap="1" count="4"/>
        <line num="36" type="stmt" count="4"/>
        <line num="37" type="stmt" count="4"/>
        <line num="43" type="method" name="getTheme" visibility="public" complexity="1" crap="1" count="93"/>
        <line num="44" type="stmt" count="93"/>
        <line num="54" type="method" name="getFilePath" visibility="public" complexity="2" crap="2" count="3"/>
        <line num="55" type="stmt" count="3"/>
        <line num="56" type="stmt" count="3"/>
        <line num="57" type="stmt" count="3"/>
        <line num="58" type="stmt" count="2"/>
        <line num="60" type="stmt" count="2"/>
        <metrics loc="63" ncloc="34" classes="1" methods="3" coveredmethods="3" conditionals="0" coveredconditionals="0" statements="8" coveredstatements="8" elements="11" coveredelements="11"/>
      </file>
      <file name="/home/wanderson/www/wanderson/winphp/www/app/model/Win/Mvc/View.php">
        <class name="View" namespace="Win\Mvc">
          <metrics complexity="20" methods="13" coveredmethods="13" conditionals="0" coveredconditionals="0" statements="34" coveredstatements="34" elements="47" coveredelements="47"/>
        </class>
        <line num="39" type="method" name="__construct" visibility="public" complexity="1" crap="1" count="92"/>
        <line num="40" type="stmt" count="92"/>
        <line num="41" type="stmt" count="92"/>
        <line num="42" type="stmt" count="92"/>
        <line num="43" type="stmt" count="92"/>
        <line num="50" type="method" name="addData" visibility="public" complexity="1" crap="1" count="10"/>
        <line num="51" type="stmt" count="10"/>
        <line num="52" type="stmt" count="10"/>
        <line num="58" type="method" name="mergeData" visibility="public" complexity="1" crap="1" count="27"/>
        <line num="59" type="stmt" count="27"/>
        <line num="60" type="stmt" count="27"/>
        <line num="67" type="method" name="getData" visibility="public" complexity="2" crap="2" count="14"/>
        <line num="68" type="stmt" count="14"/>
        <line num="69" type="stmt" count="14"/>
        <line num="71" type="stmt" count="2"/>
        <line num="74" type="method" name="getTitle" visibility="public" complexity="2" crap="2" count="6"/>
        <line num="75" type="stmt" count="6"/>
        <line num="76" type="stmt" count="2"/>
        <line num="78" type="stmt" count="6"/>
        <line num="85" type="method" name="setFile" visibility="private" complexity="2" crap="2" count="92"/>
        <line num="86" type="stmt" count="92"/>
        <line num="88" type="stmt" count="92"/>
        <line num="89" type="stmt" count="2"/>
        <line num="92" type="stmt" count="92"/>
        <line num="93" type="stmt" count="92"/>
        <line num="96" type="method" name="getFile" visibility="public" complexity="1" crap="1" count="3"/>
        <line num="97" type="stmt" count="3"/>
        <line num="104" type="method" name="exists" visibility="public" complexity="1" crap="1" count="73"/>
        <line num="105" type="stmt" count="73"/>
        <line num="111" type="method" name="validate" visibility="public" complexity="3" crap="3" count="6"/>
        <line num="112" type="stmt" count="6"/>
        <line num="113" type="stmt" count="5"/>
        <line num="115" type="stmt" count="6"/>
        <line num="121" type="method" name="__toString" visibility="public" complexity="1" crap="1" count="4"/>
        <line num="122" type="stmt" count="4"/>
        <line num="129" type="method" name="toString" visibility="public" complexity="1" crap="1" count="19"/>
        <line num="130" type="stmt" count="19"/>
        <line num="131" type="stmt" count="19"/>
        <line num="132" type="stmt" count="19"/>
        <line num="139" type="method" name="load" visibility="public" complexity="1" crap="1" count="4"/>
        <line num="140" type="stmt" count="4"/>
        <line num="141" type="stmt" count="4"/>
        <line num="146" type="method" name="toHtml" visibility="public" complexity="3" crap="3" count="22"/>
        <line num="147" type="stmt" count="22"/>
        <line num="148" type="stmt" count="19"/>
        <line num="149" type="stmt" count="19"/>
        <line num="151" type="stmt" count="22"/>
        <metrics loc="153" ncloc="90" classes="1" methods="13" coveredmethods="13" conditionals="0" coveredconditionals="0" statements="34" coveredstatements="34" elements="47" coveredelements="47"/>
      </file>
      <file name="/home/wanderson/www/wanderson/winphp/www/app/model/Win/Mvc/ViewFactory.php">
        <class name="ViewFactory" namespace="Win\Mvc">
          <metrics complexity="2" methods="1" coveredmethods="1" conditionals="0" coveredconditionals="0" statements="4" coveredstatements="4" elements="5" coveredelements="5"/>
        </class>
        <line num="20" type="method" name="create" visibility="public" complexity="2" crap="2" count="43"/>
        <line num="21" type="stmt" count="43"/>
        <line num="22" type="stmt" count="43"/>
        <line num="23" type="stmt" count="28"/>
        <line num="25" type="stmt" count="43"/>
        <metrics loc="28" ncloc="17" classes="1" methods="1" coveredmethods="1" conditionals="0" coveredconditionals="0" statements="4" coveredstatements="4" elements="5" coveredelements="5"/>
      </file>
    </package>
    <package name="Win\Request">
      <file name="/home/wanderson/www/wanderson/winphp/www/app/model/Win/Request/Header.php">
        <class name="Header" namespace="Win\Request">
          <metrics complexity="5" methods="2" coveredmethods="2" conditionals="0" coveredconditionals="0" statements="3" coveredstatements="3" elements="5" coveredelements="5"/>
        </class>
        <line num="14" type="method" name="getAll" visibility="public" complexity="1" crap="1" count="1"/>
        <line num="15" type="stmt" count="1"/>
        <line num="18" type="method" name="set" visibility="public" complexity="1" crap="1" count="3"/>
        <line num="19" type="stmt" count="3"/>
        <line num="20" type="stmt" count="3"/>
        <metrics loc="35" ncloc="28" classes="1" methods="2" coveredmethods="2" conditionals="0" coveredconditionals="0" statements="3" coveredstatements="3" elements="5" coveredelements="5"/>
      </file>
      <file name="/home/wanderson/www/wanderson/winphp/www/app/model/Win/Request/Input.php">
        <class name="Input" namespace="Win\Request">
          <metrics complexity="13" methods="6" coveredmethods="6" conditionals="0" coveredconditionals="0" statements="15" coveredstatements="15" elements="21" coveredelements="21"/>
        </class>
        <line num="20" type="method" name="post" visibility="public" complexity="2" crap="2" count="4"/>
        <line num="21" type="stmt" count="4"/>
        <line num="22" type="stmt" count="4"/>
        <line num="31" type="method" name="postArray" visibility="public" complexity="1" crap="1" count="1"/>
        <line num="32" type="stmt" count="1"/>
        <line num="42" type="method" name="server" visibility="public" complexity="2" crap="2" count="10"/>
        <line num="43" type="stmt" count="10"/>
        <line num="44" type="stmt" count="10"/>
        <line num="54" type="method" name="get" visibility="public" complexity="2" crap="2" count="1"/>
        <line num="55" type="stmt" count="1"/>
        <line num="56" type="stmt" count="1"/>
        <line num="62" type="method" name="file" visibility="public" complexity="2" crap="2" count="2"/>
        <line num="63" type="stmt" count="2"/>
        <line num="64" type="stmt" count="1"/>
        <line num="66" type="stmt" count="1"/>
        <line num="74" type="method" name="protocol" visibility="public" complexity="4" crap="4" count="3"/>
        <line num="75" type="stmt" count="3"/>
        <line num="76" type="stmt" count="3"/>
        <line num="77" type="stmt" count="3"/>
        <line num="78" type="stmt" count="1"/>
        <line num="80" type="stmt" count="3"/>
        <metrics loc="83" ncloc="43" classes="1" methods="6" coveredmethods="6" conditionals="0" coveredconditionals="0" statements="15" coveredstatements="15" elements="21" coveredelements="21"/>
      </file>
      <file name="/home/wanderson/www/wanderson/winphp/www/app/model/Win/Request/Server.php">
        <class name="Server" namespace="Win\Request">
          <metrics complexity="3" methods="2" coveredmethods="2" conditionals="0" coveredconditionals="0" statements="3" coveredstatements="3" elements="5" coveredelements="5"/>
        </class>
        <line num="11" type="method" name="isLocalHost" visibility="public" complexity="2" crap="2" count="4"/>
        <line num="12" type="stmt" count="4"/>
        <line num="13" type="stmt" count="4"/>
        <line num="17" type="method" name="getName" visibility="public" complexity="1" crap="1" count="5"/>
        <line num="18" type="stmt" count="5"/>
        <metrics loc="21" ncloc="16" classes="1" methods="2" coveredmethods="2" conditionals="0" coveredconditionals="0" statements="3" coveredstatements="3" elements="5" coveredelements="5"/>
      </file>
      <file name="/home/wanderson/www/wanderson/winphp/www/app/model/Win/Request/Session.php">
        <class name="Session" namespace="Win\Request">
          <metrics complexity="2" methods="2" coveredmethods="2" conditionals="0" coveredconditionals="0" statements="3" coveredstatements="3" elements="5" coveredelements="5"/>
        </class>
        <line num="14" type="method" name="getAll" visibility="public" complexity="1" crap="1" count="2"/>
        <line num="15" type="stmt" count="2"/>
        <line num="18" type="method" name="set" visibility="public" complexity="1" crap="1" count="2"/>
        <line num="19" type="stmt" count="2"/>
        <line num="20" type="stmt" count="2"/>
        <metrics loc="22" ncloc="19" classes="1" methods="2" coveredmethods="2" conditionals="0" coveredconditionals="0" statements="3" coveredstatements="3" elements="5" coveredelements="5"/>
      </file>
      <file name="/home/wanderson/www/wanderson/winphp/www/app/model/Win/Request/Url.php">
        <class name="Url" namespace="Win\Request">
          <metrics complexity="13" methods="8" coveredmethods="8" conditionals="0" coveredconditionals="0" statements="31" coveredstatements="31" elements="39" coveredelements="39"/>
        </class>
        <line num="24" type="method" name="setSufix" visibility="public" complexity="1" crap="1" count="5"/>
        <line num="25" type="stmt" count="5"/>
        <line num="26" type="stmt" count="5"/>
        <line num="33" type="method" name="format" visibility="public" complexity="1" crap="1" count="51"/>
        <line num="34" type="stmt" count="51"/>
        <line num="41" type="method" name="redirect" visibility="public" complexity="2" crap="2" count="2"/>
        <line num="42" type="stmt" count="2"/>
        <line num="43" type="stmt" count="2"/>
        <line num="45" type="stmt" count="2"/>
        <line num="46" type="stmt" count="2"/>
        <line num="52" type="method" name="getBaseUrl" visibility="public" complexity="2" crap="2" count="6"/>
        <line num="53" type="stmt" count="6"/>
        <line num="54" type="stmt" count="2"/>
        <line num="55" type="stmt" count="2"/>
        <line num="56" type="stmt" count="2"/>
        <line num="57" type="stmt" count="2"/>
        <line num="58" type="stmt" count="2"/>
        <line num="60" type="stmt" count="6"/>
        <line num="67" type="method" name="getProtocol" visibility="public" complexity="2" crap="2" count="2"/>
        <line num="68" type="stmt" count="2"/>
        <line num="69" type="stmt" count="2"/>
        <line num="71" type="stmt" count="2"/>
        <line num="78" type="method" name="getUrl" visibility="public" complexity="3" crap="3" count="49"/>
        <line num="79" type="stmt" count="49"/>
        <line num="80" type="stmt" count="1"/>
        <line num="81" type="stmt" count="1"/>
        <line num="82" type="stmt" count="1"/>
        <line num="83" type="stmt" count="1"/>
        <line num="84" type="stmt" count="1"/>
        <line num="85" type="stmt" count="1"/>
        <line num="86" type="stmt" count="1"/>
        <line num="88" type="stmt" count="1"/>
        <line num="90" type="stmt" count="49"/>
        <line num="96" type="method" name="setUrl" visibility="public" complexity="1" crap="1" count="35"/>
        <line num="97" type="stmt" count="35"/>
        <line num="98" type="stmt" count="35"/>
        <line num="104" type="method" name="getFragments" visibility="public" complexity="1" crap="1" count="42"/>
        <line num="105" type="stmt" count="42"/>
        <line num="106" type="stmt" count="42"/>
        <metrics loc="109" ncloc="73" classes="1" methods="8" coveredmethods="8" conditionals="0" coveredconditionals="0" statements="31" coveredstatements="31" elements="39" coveredelements="39"/>
      </file>
    </package>
    <metrics files="55" loc="3545" ncloc="2328" classes="45" methods="266" coveredmethods="215" conditionals="0" coveredconditionals="0" statements="814" coveredstatements="573" elements="1080" coveredelements="788"/>
  </project>
</coverage>
